<?xml version="1.0" encoding="UTF-8"?>
<testng-results ignored="0" total="5" passed="4" failed="1" skipped="0">
  <reporter-output>
  </reporter-output>
  <suite started-at="2024-05-19T17:21:06 IST" name="Default suite" finished-at="2024-05-19T17:22:12 IST" duration-ms="65649">
    <groups>
    </groups>
    <test started-at="2024-05-19T17:21:06 IST" name="Default test" finished-at="2024-05-19T17:22:12 IST" duration-ms="65649">
      <class name="common.mmrda.testcases.HomePageTest">
        <test-method is-config="true" signature="setup()[pri:0, instance:common.mmrda.testcases.HomePageTest@3b6ddd1d]" started-at="2024-05-19T17:21:06 IST" name="setup" finished-at="2024-05-19T17:21:16 IST" duration-ms="9652" status="PASS">
          <reporter-output>
          </reporter-output>
        </test-method> <!-- setup -->
        <test-method signature="validatepagetitle()[pri:1, instance:common.mmrda.testcases.HomePageTest@3b6ddd1d]" started-at="2024-05-19T17:21:16 IST" name="validatepagetitle" finished-at="2024-05-19T17:21:19 IST" duration-ms="2755" status="FAIL">
          <exception class="java.lang.AssertionError">
            <message>
              <![CDATA[User Name Not matched expected [Bhaumik Gohe] but found [Bhaumik Gohel]]]>
            </message>
            <full-stacktrace>
              <![CDATA[java.lang.AssertionError: User Name Not matched expected [Bhaumik Gohe] but found [Bhaumik Gohel]
at org.testng.Assert.fail(Assert.java:99)
at org.testng.Assert.failNotEquals(Assert.java:1037)
at org.testng.Assert.assertEqualsImpl(Assert.java:140)
at org.testng.Assert.assertEquals(Assert.java:122)
at org.testng.Assert.assertEquals(Assert.java:629)
at common.mmrda.testcases.HomePageTest.validatepagetitle(HomePageTest.java:37)
at java.base/jdk.internal.reflect.NativeMethodAccessorImpl.invoke0(Native Method)
at java.base/jdk.internal.reflect.NativeMethodAccessorImpl.invoke(NativeMethodAccessorImpl.java:77)
at java.base/jdk.internal.reflect.DelegatingMethodAccessorImpl.invoke(DelegatingMethodAccessorImpl.java:43)
at java.base/java.lang.reflect.Method.invoke(Method.java:568)
at org.testng.internal.MethodInvocationHelper.invokeMethod(MethodInvocationHelper.java:133)
at org.testng.internal.TestInvoker.invokeMethod(TestInvoker.java:598)
at org.testng.internal.TestInvoker.invokeTestMethod(TestInvoker.java:173)
at org.testng.internal.MethodRunner.runInSequence(MethodRunner.java:46)
at org.testng.internal.TestInvoker$MethodInvocationAgent.invoke(TestInvoker.java:824)
at org.testng.internal.TestInvoker.invokeTestMethods(TestInvoker.java:146)
at org.testng.internal.TestMethodWorker.invokeTestMethods(TestMethodWorker.java:146)
at org.testng.internal.TestMethodWorker.run(TestMethodWorker.java:128)
at java.base/java.util.ArrayList.forEach(ArrayList.java:1511)
at org.testng.TestRunner.privateRun(TestRunner.java:794)
at org.testng.TestRunner.run(TestRunner.java:596)
at org.testng.SuiteRunner.runTest(SuiteRunner.java:377)
at org.testng.SuiteRunner.runSequentially(SuiteRunner.java:371)
at org.testng.SuiteRunner.privateRun(SuiteRunner.java:332)
at org.testng.SuiteRunner.run(SuiteRunner.java:276)
at org.testng.SuiteRunnerWorker.runSuite(SuiteRunnerWorker.java:53)
at org.testng.SuiteRunnerWorker.run(SuiteRunnerWorker.java:96)
at org.testng.TestNG.runSuitesSequentially(TestNG.java:1212)
at org.testng.TestNG.runSuitesLocally(TestNG.java:1134)
at org.testng.TestNG.runSuites(TestNG.java:1063)
at org.testng.TestNG.run(TestNG.java:1031)
at org.testng.remote.AbstractRemoteTestNG.run(AbstractRemoteTestNG.java:115)
at org.testng.remote.RemoteTestNG.initAndRun(RemoteTestNG.java:251)
at org.testng.remote.RemoteTestNG.main(RemoteTestNG.java:77)
]]>
            </full-stacktrace>
          </exception> <!-- java.lang.AssertionError -->
          <reporter-output>
          </reporter-output>
        </test-method> <!-- validatepagetitle -->
        <test-method is-config="true" signature="terminate(org.testng.ITestResult)[pri:0, instance:common.mmrda.testcases.HomePageTest@3b6ddd1d]" started-at="2024-05-19T17:21:19 IST" name="terminate" finished-at="2024-05-19T17:21:20 IST" duration-ms="1604" status="PASS">
          <params>
            <param index="0">
              <value>
                <![CDATA[[TestResult name=validatepagetitle status=FAILURE method=HomePageTest.validatepagetitle()[pri:1, instance:common.mmrda.testcases.HomePageTest@3b6ddd1d] output={null}]]]>
              </value>
            </param>
          </params>
          <reporter-output>
          </reporter-output>
        </test-method> <!-- terminate -->
        <test-method is-config="true" signature="setup()[pri:0, instance:common.mmrda.testcases.HomePageTest@3b6ddd1d]" started-at="2024-05-19T17:21:20 IST" name="setup" finished-at="2024-05-19T17:21:29 IST" duration-ms="8501" status="PASS">
          <reporter-output>
          </reporter-output>
        </test-method> <!-- setup -->
        <test-method signature="validateLogo()[pri:2, instance:common.mmrda.testcases.HomePageTest@3b6ddd1d]" started-at="2024-05-19T17:21:29 IST" name="validateLogo" finished-at="2024-05-19T17:21:33 IST" duration-ms="3647" status="PASS">
          <reporter-output>
          </reporter-output>
        </test-method> <!-- validateLogo -->
        <test-method is-config="true" signature="terminate(org.testng.ITestResult)[pri:0, instance:common.mmrda.testcases.HomePageTest@3b6ddd1d]" started-at="2024-05-19T17:21:33 IST" name="terminate" finished-at="2024-05-19T17:21:34 IST" duration-ms="972" status="PASS">
          <params>
            <param index="0">
              <value>
                <![CDATA[[TestResult name=validateLogo status=SUCCESS method=HomePageTest.validateLogo()[pri:2, instance:common.mmrda.testcases.HomePageTest@3b6ddd1d] output={null}]]]>
              </value>
            </param>
          </params>
          <reporter-output>
          </reporter-output>
        </test-method> <!-- terminate -->
        <test-method is-config="true" signature="setup()[pri:0, instance:common.mmrda.testcases.HomePageTest@3b6ddd1d]" started-at="2024-05-19T17:21:34 IST" name="setup" finished-at="2024-05-19T17:21:42 IST" duration-ms="8256" status="PASS">
          <reporter-output>
          </reporter-output>
        </test-method> <!-- setup -->
        <test-method signature="validatesection()[pri:3, instance:common.mmrda.testcases.HomePageTest@3b6ddd1d]" started-at="2024-05-19T17:21:42 IST" name="validatesection" finished-at="2024-05-19T17:21:45 IST" duration-ms="2785" status="PASS">
          <reporter-output>
          </reporter-output>
        </test-method> <!-- validatesection -->
        <test-method is-config="true" signature="terminate(org.testng.ITestResult)[pri:0, instance:common.mmrda.testcases.HomePageTest@3b6ddd1d]" started-at="2024-05-19T17:21:45 IST" name="terminate" finished-at="2024-05-19T17:21:45 IST" duration-ms="862" status="PASS">
          <params>
            <param index="0">
              <value>
                <![CDATA[[TestResult name=validatesection status=SUCCESS method=HomePageTest.validatesection()[pri:3, instance:common.mmrda.testcases.HomePageTest@3b6ddd1d] output={null}]]]>
              </value>
            </param>
          </params>
          <reporter-output>
          </reporter-output>
        </test-method> <!-- terminate -->
        <test-method is-config="true" signature="setup()[pri:0, instance:common.mmrda.testcases.HomePageTest@3b6ddd1d]" started-at="2024-05-19T17:21:45 IST" name="setup" finished-at="2024-05-19T17:21:54 IST" duration-ms="8611" status="PASS">
          <reporter-output>
          </reporter-output>
        </test-method> <!-- setup -->
        <test-method signature="validatecontact()[pri:4, instance:common.mmrda.testcases.HomePageTest@3b6ddd1d]" started-at="2024-05-19T17:21:54 IST" name="validatecontact" finished-at="2024-05-19T17:21:57 IST" duration-ms="3387" status="PASS">
          <reporter-output>
          </reporter-output>
        </test-method> <!-- validatecontact -->
        <test-method is-config="true" signature="terminate(org.testng.ITestResult)[pri:0, instance:common.mmrda.testcases.HomePageTest@3b6ddd1d]" started-at="2024-05-19T17:21:57 IST" name="terminate" finished-at="2024-05-19T17:21:59 IST" duration-ms="1058" status="PASS">
          <params>
            <param index="0">
              <value>
                <![CDATA[[TestResult name=validatecontact status=SUCCESS method=HomePageTest.validatecontact()[pri:4, instance:common.mmrda.testcases.HomePageTest@3b6ddd1d] output={null}]]]>
              </value>
            </param>
          </params>
          <reporter-output>
          </reporter-output>
        </test-method> <!-- terminate -->
        <test-method is-config="true" signature="setup()[pri:0, instance:common.mmrda.testcases.HomePageTest@3b6ddd1d]" started-at="2024-05-19T17:21:59 IST" name="setup" finished-at="2024-05-19T17:22:07 IST" duration-ms="8739" status="PASS">
          <reporter-output>
          </reporter-output>
        </test-method> <!-- setup -->
        <test-method signature="validateconatctlink()[pri:5, instance:common.mmrda.testcases.HomePageTest@3b6ddd1d]" started-at="2024-05-19T17:22:07 IST" name="validateconatctlink" finished-at="2024-05-19T17:22:11 IST" duration-ms="3763" status="PASS">
          <reporter-output>
          </reporter-output>
        </test-method> <!-- validateconatctlink -->
        <test-method is-config="true" signature="terminate(org.testng.ITestResult)[pri:0, instance:common.mmrda.testcases.HomePageTest@3b6ddd1d]" started-at="2024-05-19T17:22:11 IST" name="terminate" finished-at="2024-05-19T17:22:12 IST" duration-ms="979" status="PASS">
          <params>
            <param index="0">
              <value>
                <![CDATA[[TestResult name=validateconatctlink status=SUCCESS method=HomePageTest.validateconatctlink()[pri:5, instance:common.mmrda.testcases.HomePageTest@3b6ddd1d] output={null}]]]>
              </value>
            </param>
          </params>
          <reporter-output>
          </reporter-output>
        </test-method> <!-- terminate -->
      </class> <!-- common.mmrda.testcases.HomePageTest -->
    </test> <!-- Default test -->
  </suite> <!-- Default suite -->
</testng-results>
